12:04:12.238 [main] DEBUG io.netty.util.internal.PlatformDependent0 - java.nio.DirectByteBuffer.<init>(long, int): unavailable
12:04:12.266 [main] DEBUG io.netty.util.internal.PlatformDependent - sun.misc.Unsafe: available
12:04:12.267 [main] DEBUG io.netty.util.internal.PlatformDependent - maxDirectMemory: 2105540608 bytes (maybe)
12:04:12.268 [main] DEBUG io.netty.util.internal.PlatformDependent - -Dio.netty.tmpdir: C:\Users\srika\AppData\Local\Temp (java.io.tmpdir)
12:04:12.268 [main] DEBUG io.netty.util.internal.PlatformDependent - -Dio.netty.bitMode: 64 (sun.arch.data.model)
12:04:12.270 [main] DEBUG io.netty.util.internal.PlatformDependent - -Dio.netty.maxDirectMemory: -1 bytes
12:04:12.271 [main] DEBUG io.netty.util.internal.PlatformDependent - -Dio.netty.uninitializedArrayAllocationThreshold: -1
12:04:12.274 [main] DEBUG io.netty.util.internal.CleanerJava9 - java.nio.ByteBuffer.cleaner(): available
12:04:12.274 [main] DEBUG io.netty.util.internal.PlatformDependent - -Dio.netty.noPreferDirect: false
12:04:12.286 [main] DEBUG io.netty.util.internal.PlatformDependent - org.jctools-core.MpscChunkedArrayQueue: available
12:04:12.304 [main] DEBUG io.netty.util.internal.InternalThreadLocalMap - -Dio.netty.threadLocalMap.stringBuilder.initialSize: 1024
12:04:12.305 [main] DEBUG io.netty.util.internal.InternalThreadLocalMap - -Dio.netty.threadLocalMap.stringBuilder.maxSize: 4096
12:04:12.321 [main] DEBUG io.netty.handler.ssl.JdkSslContext - Default protocols (JDK): [TLSv1.3, TLSv1.2] 
12:04:12.321 [main] DEBUG io.netty.handler.ssl.JdkSslContext - Default cipher suites (JDK): [TLS_ECDHE_ECDSA_WITH_AES_256_GCM_SHA384, TLS_ECDHE_ECDSA_WITH_AES_128_GCM_SHA256, TLS_ECDHE_RSA_WITH_AES_128_GCM_SHA256, TLS_ECDHE_RSA_WITH_AES_256_GCM_SHA384, TLS_ECDHE_RSA_WITH_AES_128_CBC_SHA, TLS_ECDHE_RSA_WITH_AES_256_CBC_SHA, TLS_RSA_WITH_AES_128_GCM_SHA256, TLS_RSA_WITH_AES_128_CBC_SHA, TLS_RSA_WITH_AES_256_CBC_SHA, TLS_AES_128_GCM_SHA256, TLS_AES_256_GCM_SHA384]
12:04:12.350 [main] DEBUG io.netty.channel.MultithreadEventLoopGroup - -Dio.netty.eventLoopThreads: 16
12:04:12.359 [main] DEBUG io.netty.channel.nio.NioEventLoop - -Dio.netty.noKeySetOptimization: false
12:04:12.359 [main] DEBUG io.netty.channel.nio.NioEventLoop - -Dio.netty.selectorAutoRebuildThreshold: 512
12:04:12.371 [main] TRACE io.netty.channel.nio.NioEventLoop - instrumented a special java.util.Set into: sun.nio.ch.WEPollSelectorImpl@5c7668ba
12:04:12.372 [main] TRACE io.netty.channel.nio.NioEventLoop - instrumented a special java.util.Set into: sun.nio.ch.WEPollSelectorImpl@6c6333cd
12:04:12.373 [main] TRACE io.netty.channel.nio.NioEventLoop - instrumented a special java.util.Set into: sun.nio.ch.WEPollSelectorImpl@3e47a03
12:04:12.374 [main] TRACE io.netty.channel.nio.NioEventLoop - instrumented a special java.util.Set into: sun.nio.ch.WEPollSelectorImpl@7d9ba6c
12:04:12.376 [main] TRACE io.netty.channel.nio.NioEventLoop - instrumented a special java.util.Set into: sun.nio.ch.WEPollSelectorImpl@8deb645
12:04:12.377 [main] TRACE io.netty.channel.nio.NioEventLoop - instrumented a special java.util.Set into: sun.nio.ch.WEPollSelectorImpl@7dd611c8
12:04:12.378 [main] TRACE io.netty.channel.nio.NioEventLoop - instrumented a special java.util.Set into: sun.nio.ch.WEPollSelectorImpl@5d425813
12:04:12.379 [main] TRACE io.netty.channel.nio.NioEventLoop - instrumented a special java.util.Set into: sun.nio.ch.WEPollSelectorImpl@1702830d
12:04:12.380 [main] TRACE io.netty.channel.nio.NioEventLoop - instrumented a special java.util.Set into: sun.nio.ch.WEPollSelectorImpl@6a937336
12:04:12.381 [main] TRACE io.netty.channel.nio.NioEventLoop - instrumented a special java.util.Set into: sun.nio.ch.WEPollSelectorImpl@278667fd
12:04:12.382 [main] TRACE io.netty.channel.nio.NioEventLoop - instrumented a special java.util.Set into: sun.nio.ch.WEPollSelectorImpl@684b31de
12:04:12.383 [main] TRACE io.netty.channel.nio.NioEventLoop - instrumented a special java.util.Set into: sun.nio.ch.WEPollSelectorImpl@6b52dd31
12:04:12.384 [main] TRACE io.netty.channel.nio.NioEventLoop - instrumented a special java.util.Set into: sun.nio.ch.WEPollSelectorImpl@1a2909ae
12:04:12.385 [main] TRACE io.netty.channel.nio.NioEventLoop - instrumented a special java.util.Set into: sun.nio.ch.WEPollSelectorImpl@e042c99
12:04:12.386 [main] TRACE io.netty.channel.nio.NioEventLoop - instrumented a special java.util.Set into: sun.nio.ch.WEPollSelectorImpl@3f702946
12:04:12.387 [main] TRACE io.netty.channel.nio.NioEventLoop - instrumented a special java.util.Set into: sun.nio.ch.WEPollSelectorImpl@42b6d0cc
12:04:12.405 [main] DEBUG io.netty.buffer.PooledByteBufAllocator - -Dio.netty.allocator.numHeapArenas: 16
12:04:12.405 [main] DEBUG io.netty.buffer.PooledByteBufAllocator - -Dio.netty.allocator.numDirectArenas: 16
12:04:12.405 [main] DEBUG io.netty.buffer.PooledByteBufAllocator - -Dio.netty.allocator.pageSize: 8192
12:04:12.405 [main] DEBUG io.netty.buffer.PooledByteBufAllocator - -Dio.netty.allocator.maxOrder: 11
12:04:12.405 [main] DEBUG io.netty.buffer.PooledByteBufAllocator - -Dio.netty.allocator.chunkSize: 16777216
12:04:12.405 [main] DEBUG io.netty.buffer.PooledByteBufAllocator - -Dio.netty.allocator.smallCacheSize: 256
12:04:12.405 [main] DEBUG io.netty.buffer.PooledByteBufAllocator - -Dio.netty.allocator.normalCacheSize: 64
12:04:12.406 [main] DEBUG io.netty.buffer.PooledByteBufAllocator - -Dio.netty.allocator.maxCachedBufferCapacity: 32768
12:04:12.406 [main] DEBUG io.netty.buffer.PooledByteBufAllocator - -Dio.netty.allocator.cacheTrimInterval: 8192
12:04:12.406 [main] DEBUG io.netty.buffer.PooledByteBufAllocator - -Dio.netty.allocator.cacheTrimIntervalMillis: 0
12:04:12.406 [main] DEBUG io.netty.buffer.PooledByteBufAllocator - -Dio.netty.allocator.useCacheForAllThreads: true
12:04:12.406 [main] DEBUG io.netty.buffer.PooledByteBufAllocator - -Dio.netty.allocator.maxCachedByteBuffersPerChunk: 1023
12:04:12.415 [main] DEBUG io.netty.buffer.ByteBufUtil - -Dio.netty.allocator.type: pooled
12:04:12.415 [main] DEBUG io.netty.buffer.ByteBufUtil - -Dio.netty.threadLocalDirectBufferSize: 0
12:04:12.415 [main] DEBUG io.netty.buffer.ByteBufUtil - -Dio.netty.maxThreadLocalCharBufferSize: 16384
12:04:16.128 [Forwarding newSession on session null to remote] DEBUG io.netty.channel.DefaultChannelId - -Dio.netty.processId: 19196 (auto-detected)
12:04:16.129 [Forwarding newSession on session null to remote] DEBUG io.netty.util.NetUtil - -Djava.net.preferIPv4Stack: false
12:04:16.130 [Forwarding newSession on session null to remote] DEBUG io.netty.util.NetUtil - -Djava.net.preferIPv6Addresses: false
12:04:16.146 [Forwarding newSession on session null to remote] DEBUG io.netty.util.NetUtilInitializations - Loopback interface: lo (Software Loopback Interface 1, 127.0.0.1)
12:04:16.147 [Forwarding newSession on session null to remote] DEBUG io.netty.util.NetUtil - Failed to get SOMAXCONN from sysctl and file \proc\sys\net\core\somaxconn. Default: 200
12:04:16.186 [Forwarding newSession on session null to remote] DEBUG io.netty.channel.DefaultChannelId - -Dio.netty.machineId: 00:ff:9a:ff:fe:bd:33:79 (auto-detected)
12:04:16.233 [AsyncHttpClient-1-2] DEBUG io.netty.buffer.AbstractByteBuf - -Dio.netty.buffer.checkAccessible: true
12:04:16.233 [AsyncHttpClient-1-2] DEBUG io.netty.buffer.AbstractByteBuf - -Dio.netty.buffer.checkBounds: true
12:04:16.233 [AsyncHttpClient-1-2] DEBUG io.netty.util.ResourceLeakDetectorFactory - Loaded default ResourceLeakDetector: io.netty.util.ResourceLeakDetector@5e8e413e
12:04:16.253 [AsyncHttpClient-1-2] DEBUG io.netty.util.Recycler - -Dio.netty.recycler.maxCapacityPerThread: 4096
12:04:16.253 [AsyncHttpClient-1-2] DEBUG io.netty.util.Recycler - -Dio.netty.recycler.maxSharedCapacityFactor: 2
12:04:16.253 [AsyncHttpClient-1-2] DEBUG io.netty.util.Recycler - -Dio.netty.recycler.linkCapacity: 16
12:04:16.253 [AsyncHttpClient-1-2] DEBUG io.netty.util.Recycler - -Dio.netty.recycler.ratio: 8
12:04:16.253 [AsyncHttpClient-1-2] DEBUG io.netty.util.Recycler - -Dio.netty.recycler.delayedQueue.ratio: 8
12:04:24.655 [main] DEBUG io.netty.util.internal.ThreadLocalRandom - -Dio.netty.initialSeedUniquifier: 0x6d04b1bce58c23de
12:04:24.767 [main] INFO  stepDefinations.steps - BRowser opended
12:04:24.900 [main] INFO  stepDefinations.steps -  Window maximise
12:04:29.466 [main] INFO  stepDefinations.steps - Url opened
12:04:29.641 [main] INFO  stepDefinations.steps - Clicked on my account
12:04:32.471 [main] INFO  stepDefinations.steps - Clicked on register
12:04:32.529 [main] INFO  stepDefinations.steps - Account registration page displayed
12:04:32.618 [main] INFO  stepDefinations.steps - First name entred
12:04:32.694 [main] INFO  stepDefinations.steps - Last name entred
12:04:32.788 [main] INFO  stepDefinations.steps - email entred
12:04:32.877 [main] INFO  stepDefinations.steps - Telephone number entred
12:04:32.960 [main] INFO  stepDefinations.steps - Password entred
12:04:33.040 [main] INFO  stepDefinations.steps - Confirm password entred
12:04:33.114 [main] INFO  stepDefinations.steps - Accepted privacy policy
12:04:35.379 [main] INFO  stepDefinations.steps - Clicked on continue
12:04:36.054 [main] INFO  stepDefinations.steps - Accout registration  not succesfull
12:04:38.560 [main] INFO  stepDefinations.steps - BRowser opended
12:04:38.694 [main] INFO  stepDefinations.steps -  Window maximise
12:04:41.341 [main] INFO  stepDefinations.steps - Url opened
12:04:41.457 [main] INFO  stepDefinations.steps - Clicked on my account
12:04:42.610 [main] INFO  stepDefinations.steps - Clicked on login
12:04:42.722 [main] INFO  stepDefinations.steps - Provided email
12:04:42.804 [main] INFO  stepDefinations.steps - Provided password
12:04:45.533 [main] INFO  stepDefinations.steps - Clicked on login
12:04:45.644 [main] INFO  stepDefinations.steps - Navigated to registration page
12:04:45.766 [AsyncHttpClient-1-4] DEBUG io.netty.buffer.PoolThreadCache - Freed 3 thread-local buffer(s) from thread: AsyncHttpClient-1-4
12:04:45.766 [AsyncHttpClient-1-3] DEBUG io.netty.buffer.PoolThreadCache - Freed 2 thread-local buffer(s) from thread: AsyncHttpClient-1-3
12:06:13.367 [main] DEBUG io.netty.util.internal.logging.InternalLoggerFactory - Using Log4J2 as the default logging framework
12:06:13.373 [main] DEBUG io.netty.util.ResourceLeakDetector - -Dio.netty.leakDetection.level: simple
12:06:13.373 [main] DEBUG io.netty.util.ResourceLeakDetector - -Dio.netty.leakDetection.targetRecords: 4
12:06:13.376 [main] DEBUG io.netty.util.ResourceLeakDetectorFactory - Loaded default ResourceLeakDetector: io.netty.util.ResourceLeakDetector@320494b6
12:06:13.389 [main] DEBUG io.netty.util.internal.PlatformDependent - Platform: Windows
12:06:13.391 [main] DEBUG io.netty.util.internal.PlatformDependent0 - -Dio.netty.noUnsafe: false
12:06:13.391 [main] DEBUG io.netty.util.internal.PlatformDependent0 - Java version: 17
12:06:13.392 [main] DEBUG io.netty.util.internal.PlatformDependent0 - sun.misc.Unsafe.theUnsafe: available
12:06:13.393 [main] DEBUG io.netty.util.internal.PlatformDependent0 - sun.misc.Unsafe.copyMemory: available
12:06:13.394 [main] DEBUG io.netty.util.internal.PlatformDependent0 - java.nio.Buffer.address: available
12:06:13.394 [main] DEBUG io.netty.util.internal.PlatformDependent0 - direct buffer constructor: unavailable
java.lang.UnsupportedOperationException: Reflective setAccessible(true) disabled
	at io.netty.util.internal.ReflectionUtil.trySetAccessible(ReflectionUtil.java:31) ~[netty-common-4.1.58.Final.jar:4.1.58.Final]
	at io.netty.util.internal.PlatformDependent0$4.run(PlatformDependent0.java:238) ~[netty-common-4.1.58.Final.jar:4.1.58.Final]
	at java.security.AccessController.doPrivileged(AccessController.java:318) ~[?:?]
	at io.netty.util.internal.PlatformDependent0.<clinit>(PlatformDependent0.java:232) [netty-common-4.1.58.Final.jar:4.1.58.Final]
	at io.netty.util.internal.PlatformDependent.isAndroid(PlatformDependent.java:293) [netty-common-4.1.58.Final.jar:4.1.58.Final]
	at io.netty.util.internal.PlatformDependent.<clinit>(PlatformDependent.java:92) [netty-common-4.1.58.Final.jar:4.1.58.Final]
	at io.netty.util.HashedWheelTimer.<init>(HashedWheelTimer.java:109) [netty-common-4.1.58.Final.jar:4.1.58.Final]
	at io.netty.util.HashedWheelTimer.<init>(HashedWheelTimer.java:218) [netty-common-4.1.58.Final.jar:4.1.58.Final]
	at io.netty.util.HashedWheelTimer.<init>(HashedWheelTimer.java:197) [netty-common-4.1.58.Final.jar:4.1.58.Final]
	at org.asynchttpclient.DefaultAsyncHttpClient.newNettyTimer(DefaultAsyncHttpClient.java:111) [async-http-client-2.12.2.jar:?]
	at org.asynchttpclient.DefaultAsyncHttpClient.<init>(DefaultAsyncHttpClient.java:90) [async-http-client-2.12.2.jar:?]
	at org.asynchttpclient.Dsl.asyncHttpClient(Dsl.java:32) [async-http-client-2.12.2.jar:?]
	at org.openqa.selenium.remote.http.netty.NettyClient.createHttpClient(NettyClient.java:98) [selenium-remote-driver-4.0.0-beta-3.jar:?]
	at org.openqa.selenium.remote.http.netty.NettyClient.<clinit>(NettyClient.java:51) [selenium-remote-driver-4.0.0-beta-3.jar:?]
	at org.openqa.selenium.remote.http.netty.NettyClient$Factory.createClient(NettyClient.java:147) [selenium-remote-driver-4.0.0-beta-3.jar:?]
	at org.openqa.selenium.remote.HttpCommandExecutor.<init>(HttpCommandExecutor.java:107) [selenium-remote-driver-4.0.0-beta-3.jar:?]
	at org.openqa.selenium.remote.HttpCommandExecutor.<init>(HttpCommandExecutor.java:94) [selenium-remote-driver-4.0.0-beta-3.jar:?]
	at org.openqa.selenium.remote.HttpCommandExecutor.<init>(HttpCommandExecutor.java:85) [selenium-remote-driver-4.0.0-beta-3.jar:?]
	at org.openqa.selenium.remote.service.DriverCommandExecutor.<init>(DriverCommandExecutor.java:68) [selenium-remote-driver-4.0.0-beta-3.jar:?]
	at org.openqa.selenium.chromium.ChromiumDriverCommandExecutor.<init>(ChromiumDriverCommandExecutor.java:78) [selenium-chromium-driver-4.0.0-beta-3.jar:?]
	at org.openqa.selenium.chrome.ChromeDriver.<init>(ChromeDriver.java:99) [selenium-chrome-driver-4.0.0-beta-3.jar:?]
	at org.openqa.selenium.chrome.ChromeDriver.<init>(ChromeDriver.java:86) [selenium-chrome-driver-4.0.0-beta-3.jar:?]
	at org.openqa.selenium.chrome.ChromeDriver.<init>(ChromeDriver.java:41) [selenium-chrome-driver-4.0.0-beta-3.jar:?]
	at stepDefinations.steps.user_launch_browser(steps.java:50) [test-classes/:?]
	at jdk.internal.reflect.NativeMethodAccessorImpl.invoke0(Native Method) ~[?:?]
	at jdk.internal.reflect.NativeMethodAccessorImpl.invoke(NativeMethodAccessorImpl.java:77) ~[?:?]
	at jdk.internal.reflect.DelegatingMethodAccessorImpl.invoke(DelegatingMethodAccessorImpl.java:43) ~[?:?]
	at java.lang.reflect.Method.invoke(Method.java:568) ~[?:?]
	at io.cucumber.java.Invoker.doInvoke(Invoker.java:66) [cucumber-java-6.10.4.jar:6.10.4]
	at io.cucumber.java.Invoker.invoke(Invoker.java:24) [cucumber-java-6.10.4.jar:6.10.4]
	at io.cucumber.java.AbstractGlueDefinition.invokeMethod(AbstractGlueDefinition.java:47) [cucumber-java-6.10.4.jar:6.10.4]
	at io.cucumber.java.JavaStepDefinition.execute(JavaStepDefinition.java:29) [cucumber-java-6.10.4.jar:6.10.4]
	at io.cucumber.core.runner.CoreStepDefinition.execute(CoreStepDefinition.java:66) [cucumber-core-6.10.4.jar:6.10.4]
	at io.cucumber.core.runner.PickleStepDefinitionMatch.runStep(PickleStepDefinitionMatch.java:63) [cucumber-core-6.10.4.jar:6.10.4]
	at io.cucumber.core.runner.ExecutionMode$1.execute(ExecutionMode.java:10) [cucumber-core-6.10.4.jar:6.10.4]
	at io.cucumber.core.runner.TestStep.executeStep(TestStep.java:92) [cucumber-core-6.10.4.jar:6.10.4]
	at io.cucumber.core.runner.TestStep.run(TestStep.java:64) [cucumber-core-6.10.4.jar:6.10.4]
	at io.cucumber.core.runner.PickleStepTestStep.run(PickleStepTestStep.java:51) [cucumber-core-6.10.4.jar:6.10.4]
	at io.cucumber.core.runner.TestCase.run(TestCase.java:104) [cucumber-core-6.10.4.jar:6.10.4]
	at io.cucumber.core.runner.Runner.runPickle(Runner.java:73) [cucumber-core-6.10.4.jar:6.10.4]
	at io.cucumber.junit.PickleRunners$NoStepDescriptions.run(PickleRunners.java:151) [cucumber-junit-6.10.4.jar:6.10.4]
	at io.cucumber.junit.FeatureRunner.runChild(FeatureRunner.java:135) [cucumber-junit-6.10.4.jar:6.10.4]
	at io.cucumber.junit.FeatureRunner.runChild(FeatureRunner.java:27) [cucumber-junit-6.10.4.jar:6.10.4]
	at org.junit.runners.ParentRunner$4.run(ParentRunner.java:331) [junit-4.13.2.jar:4.13.2]
	at org.junit.runners.ParentRunner$1.schedule(ParentRunner.java:79) [junit-4.13.2.jar:4.13.2]
	at org.junit.runners.ParentRunner.runChildren(ParentRunner.java:329) [junit-4.13.2.jar:4.13.2]
	at org.junit.runners.ParentRunner.access$100(ParentRunner.java:66) [junit-4.13.2.jar:4.13.2]
	at org.junit.runners.ParentRunner$2.evaluate(ParentRunner.java:293) [junit-4.13.2.jar:4.13.2]
	at org.junit.runners.ParentRunner$3.evaluate(ParentRunner.java:306) [junit-4.13.2.jar:4.13.2]
	at org.junit.runners.ParentRunner.run(ParentRunner.java:413) [junit-4.13.2.jar:4.13.2]
	at io.cucumber.junit.Cucumber.runChild(Cucumber.java:200) [cucumber-junit-6.10.4.jar:6.10.4]
	at io.cucumber.junit.Cucumber.runChild(Cucumber.java:90) [cucumber-junit-6.10.4.jar:6.10.4]
	at org.junit.runners.ParentRunner$4.run(ParentRunner.java:331) [junit-4.13.2.jar:4.13.2]
	at org.junit.runners.ParentRunner$1.schedule(ParentRunner.java:79) [junit-4.13.2.jar:4.13.2]
	at org.junit.runners.ParentRunner.runChildren(ParentRunner.java:329) [junit-4.13.2.jar:4.13.2]
	at org.junit.runners.ParentRunner.access$100(ParentRunner.java:66) [junit-4.13.2.jar:4.13.2]
	at org.junit.runners.ParentRunner$2.evaluate(ParentRunner.java:293) [junit-4.13.2.jar:4.13.2]
	at io.cucumber.junit.Cucumber$RunCucumber.evaluate(Cucumber.java:235) [cucumber-junit-6.10.4.jar:6.10.4]
	at org.junit.runners.ParentRunner$3.evaluate(ParentRunner.java:306) [junit-4.13.2.jar:4.13.2]
	at org.junit.runners.ParentRunner.run(ParentRunner.java:413) [junit-4.13.2.jar:4.13.2]
	at org.junit.runner.JUnitCore.run(JUnitCore.java:137) [junit-4.13.2.jar:4.13.2]
	at com.intellij.junit4.JUnit4IdeaTestRunner.startRunnerWithArgs(JUnit4IdeaTestRunner.java:69) [junit-rt.jar:?]
	at com.intellij.rt.junit.IdeaTestRunner$Repeater$1.execute(IdeaTestRunner.java:38) [junit-rt.jar:?]
	at com.intellij.rt.execution.junit.TestsRepeater.repeat(TestsRepeater.java:11) [idea_rt.jar:?]
	at com.intellij.rt.junit.IdeaTestRunner$Repeater.startRunnerWithArgs(IdeaTestRunner.java:35) [junit-rt.jar:?]
	at com.intellij.rt.junit.JUnitStarter.prepareStreamsAndStart(JUnitStarter.java:235) [junit-rt.jar:?]
	at com.intellij.rt.junit.JUnitStarter.main(JUnitStarter.java:54) [junit-rt.jar:?]
12:06:13.400 [main] DEBUG io.netty.util.internal.PlatformDependent0 - java.nio.Bits.unaligned: available, true
12:06:13.402 [main] DEBUG io.netty.util.internal.PlatformDependent0 - jdk.internal.misc.Unsafe.allocateUninitializedArray(int): unavailable
java.lang.IllegalAccessException: class io.netty.util.internal.PlatformDependent0$6 cannot access class jdk.internal.misc.Unsafe (in module java.base) because module java.base does not export jdk.internal.misc to unnamed module @13b6d03
	at jdk.internal.reflect.Reflection.newIllegalAccessException(Reflection.java:392) ~[?:?]
	at java.lang.reflect.AccessibleObject.checkAccess(AccessibleObject.java:674) ~[?:?]
	at java.lang.reflect.Method.invoke(Method.java:560) ~[?:?]
	at io.netty.util.internal.PlatformDependent0$6.run(PlatformDependent0.java:352) ~[netty-common-4.1.58.Final.jar:4.1.58.Final]
	at java.security.AccessController.doPrivileged(AccessController.java:318) ~[?:?]
	at io.netty.util.internal.PlatformDependent0.<clinit>(PlatformDependent0.java:343) [netty-common-4.1.58.Final.jar:4.1.58.Final]
	at io.netty.util.internal.PlatformDependent.isAndroid(PlatformDependent.java:293) [netty-common-4.1.58.Final.jar:4.1.58.Final]
	at io.netty.util.internal.PlatformDependent.<clinit>(PlatformDependent.java:92) [netty-common-4.1.58.Final.jar:4.1.58.Final]
	at io.netty.util.HashedWheelTimer.<init>(HashedWheelTimer.java:109) [netty-common-4.1.58.Final.jar:4.1.58.Final]
	at io.netty.util.HashedWheelTimer.<init>(HashedWheelTimer.java:218) [netty-common-4.1.58.Final.jar:4.1.58.Final]
	at io.netty.util.HashedWheelTimer.<init>(HashedWheelTimer.java:197) [netty-common-4.1.58.Final.jar:4.1.58.Final]
	at org.asynchttpclient.DefaultAsyncHttpClient.newNettyTimer(DefaultAsyncHttpClient.java:111) [async-http-client-2.12.2.jar:?]
	at org.asynchttpclient.DefaultAsyncHttpClient.<init>(DefaultAsyncHttpClient.java:90) [async-http-client-2.12.2.jar:?]
	at org.asynchttpclient.Dsl.asyncHttpClient(Dsl.java:32) [async-http-client-2.12.2.jar:?]
	at org.openqa.selenium.remote.http.netty.NettyClient.createHttpClient(NettyClient.java:98) [selenium-remote-driver-4.0.0-beta-3.jar:?]
	at org.openqa.selenium.remote.http.netty.NettyClient.<clinit>(NettyClient.java:51) [selenium-remote-driver-4.0.0-beta-3.jar:?]
	at org.openqa.selenium.remote.http.netty.NettyClient$Factory.createClient(NettyClient.java:147) [selenium-remote-driver-4.0.0-beta-3.jar:?]
	at org.openqa.selenium.remote.HttpCommandExecutor.<init>(HttpCommandExecutor.java:107) [selenium-remote-driver-4.0.0-beta-3.jar:?]
	at org.openqa.selenium.remote.HttpCommandExecutor.<init>(HttpCommandExecutor.java:94) [selenium-remote-driver-4.0.0-beta-3.jar:?]
	at org.openqa.selenium.remote.HttpCommandExecutor.<init>(HttpCommandExecutor.java:85) [selenium-remote-driver-4.0.0-beta-3.jar:?]
	at org.openqa.selenium.remote.service.DriverCommandExecutor.<init>(DriverCommandExecutor.java:68) [selenium-remote-driver-4.0.0-beta-3.jar:?]
	at org.openqa.selenium.chromium.ChromiumDriverCommandExecutor.<init>(ChromiumDriverCommandExecutor.java:78) [selenium-chromium-driver-4.0.0-beta-3.jar:?]
	at org.openqa.selenium.chrome.ChromeDriver.<init>(ChromeDriver.java:99) [selenium-chrome-driver-4.0.0-beta-3.jar:?]
	at org.openqa.selenium.chrome.ChromeDriver.<init>(ChromeDriver.java:86) [selenium-chrome-driver-4.0.0-beta-3.jar:?]
	at org.openqa.selenium.chrome.ChromeDriver.<init>(ChromeDriver.java:41) [selenium-chrome-driver-4.0.0-beta-3.jar:?]
	at stepDefinations.steps.user_launch_browser(steps.java:50) [test-classes/:?]
	at jdk.internal.reflect.NativeMethodAccessorImpl.invoke0(Native Method) ~[?:?]
	at jdk.internal.reflect.NativeMethodAccessorImpl.invoke(NativeMethodAccessorImpl.java:77) ~[?:?]
	at jdk.internal.reflect.DelegatingMethodAccessorImpl.invoke(DelegatingMethodAccessorImpl.java:43) ~[?:?]
	at java.lang.reflect.Method.invoke(Method.java:568) ~[?:?]
	at io.cucumber.java.Invoker.doInvoke(Invoker.java:66) [cucumber-java-6.10.4.jar:6.10.4]
	at io.cucumber.java.Invoker.invoke(Invoker.java:24) [cucumber-java-6.10.4.jar:6.10.4]
	at io.cucumber.java.AbstractGlueDefinition.invokeMethod(AbstractGlueDefinition.java:47) [cucumber-java-6.10.4.jar:6.10.4]
	at io.cucumber.java.JavaStepDefinition.execute(JavaStepDefinition.java:29) [cucumber-java-6.10.4.jar:6.10.4]
	at io.cucumber.core.runner.CoreStepDefinition.execute(CoreStepDefinition.java:66) [cucumber-core-6.10.4.jar:6.10.4]
	at io.cucumber.core.runner.PickleStepDefinitionMatch.runStep(PickleStepDefinitionMatch.java:63) [cucumber-core-6.10.4.jar:6.10.4]
	at io.cucumber.core.runner.ExecutionMode$1.execute(ExecutionMode.java:10) [cucumber-core-6.10.4.jar:6.10.4]
	at io.cucumber.core.runner.TestStep.executeStep(TestStep.java:92) [cucumber-core-6.10.4.jar:6.10.4]
	at io.cucumber.core.runner.TestStep.run(TestStep.java:64) [cucumber-core-6.10.4.jar:6.10.4]
	at io.cucumber.core.runner.PickleStepTestStep.run(PickleStepTestStep.java:51) [cucumber-core-6.10.4.jar:6.10.4]
	at io.cucumber.core.runner.TestCase.run(TestCase.java:104) [cucumber-core-6.10.4.jar:6.10.4]
	at io.cucumber.core.runner.Runner.runPickle(Runner.java:73) [cucumber-core-6.10.4.jar:6.10.4]
	at io.cucumber.junit.PickleRunners$NoStepDescriptions.run(PickleRunners.java:151) [cucumber-junit-6.10.4.jar:6.10.4]
	at io.cucumber.junit.FeatureRunner.runChild(FeatureRunner.java:135) [cucumber-junit-6.10.4.jar:6.10.4]
	at io.cucumber.junit.FeatureRunner.runChild(FeatureRunner.java:27) [cucumber-junit-6.10.4.jar:6.10.4]
	at org.junit.runners.ParentRunner$4.run(ParentRunner.java:331) [junit-4.13.2.jar:4.13.2]
	at org.junit.runners.ParentRunner$1.schedule(ParentRunner.java:79) [junit-4.13.2.jar:4.13.2]
	at org.junit.runners.ParentRunner.runChildren(ParentRunner.java:329) [junit-4.13.2.jar:4.13.2]
	at org.junit.runners.ParentRunner.access$100(ParentRunner.java:66) [junit-4.13.2.jar:4.13.2]
	at org.junit.runners.ParentRunner$2.evaluate(ParentRunner.java:293) [junit-4.13.2.jar:4.13.2]
	at org.junit.runners.ParentRunner$3.evaluate(ParentRunner.java:306) [junit-4.13.2.jar:4.13.2]
	at org.junit.runners.ParentRunner.run(ParentRunner.java:413) [junit-4.13.2.jar:4.13.2]
	at io.cucumber.junit.Cucumber.runChild(Cucumber.java:200) [cucumber-junit-6.10.4.jar:6.10.4]
	at io.cucumber.junit.Cucumber.runChild(Cucumber.java:90) [cucumber-junit-6.10.4.jar:6.10.4]
	at org.junit.runners.ParentRunner$4.run(ParentRunner.java:331) [junit-4.13.2.jar:4.13.2]
	at org.junit.runners.ParentRunner$1.schedule(ParentRunner.java:79) [junit-4.13.2.jar:4.13.2]
	at org.junit.runners.ParentRunner.runChildren(ParentRunner.java:329) [junit-4.13.2.jar:4.13.2]
	at org.junit.runners.ParentRunner.access$100(ParentRunner.java:66) [junit-4.13.2.jar:4.13.2]
	at org.junit.runners.ParentRunner$2.evaluate(ParentRunner.java:293) [junit-4.13.2.jar:4.13.2]
	at io.cucumber.junit.Cucumber$RunCucumber.evaluate(Cucumber.java:235) [cucumber-junit-6.10.4.jar:6.10.4]
	at org.junit.runners.ParentRunner$3.evaluate(ParentRunner.java:306) [junit-4.13.2.jar:4.13.2]
	at org.junit.runners.ParentRunner.run(ParentRunner.java:413) [junit-4.13.2.jar:4.13.2]
	at org.junit.runner.JUnitCore.run(JUnitCore.java:137) [junit-4.13.2.jar:4.13.2]
	at com.intellij.junit4.JUnit4IdeaTestRunner.startRunnerWithArgs(JUnit4IdeaTestRunner.java:69) [junit-rt.jar:?]
	at com.intellij.rt.junit.IdeaTestRunner$Repeater$1.execute(IdeaTestRunner.java:38) [junit-rt.jar:?]
	at com.intellij.rt.execution.junit.TestsRepeater.repeat(TestsRepeater.java:11) [idea_rt.jar:?]
	at com.intellij.rt.junit.IdeaTestRunner$Repeater.startRunnerWithArgs(IdeaTestRunner.java:35) [junit-rt.jar:?]
	at com.intellij.rt.junit.JUnitStarter.prepareStreamsAndStart(JUnitStarter.java:235) [junit-rt.jar:?]
	at com.intellij.rt.junit.JUnitStarter.main(JUnitStarter.java:54) [junit-rt.jar:?]
12:06:13.402 [main] DEBUG io.netty.util.internal.PlatformDependent0 - java.nio.DirectByteBuffer.<init>(long, int): unavailable
12:06:13.403 [main] DEBUG io.netty.util.internal.PlatformDependent - sun.misc.Unsafe: available
12:06:13.403 [main] DEBUG io.netty.util.internal.PlatformDependent - maxDirectMemory: 2105540608 bytes (maybe)
12:06:13.403 [main] DEBUG io.netty.util.internal.PlatformDependent - -Dio.netty.tmpdir: C:\Users\srika\AppData\Local\Temp (java.io.tmpdir)
12:06:13.403 [main] DEBUG io.netty.util.internal.PlatformDependent - -Dio.netty.bitMode: 64 (sun.arch.data.model)
12:06:13.404 [main] DEBUG io.netty.util.internal.PlatformDependent - -Dio.netty.maxDirectMemory: -1 bytes
12:06:13.404 [main] DEBUG io.netty.util.internal.PlatformDependent - -Dio.netty.uninitializedArrayAllocationThreshold: -1
12:06:13.405 [main] DEBUG io.netty.util.internal.CleanerJava9 - java.nio.ByteBuffer.cleaner(): available
12:06:13.405 [main] DEBUG io.netty.util.internal.PlatformDependent - -Dio.netty.noPreferDirect: false
12:06:13.413 [main] DEBUG io.netty.util.internal.PlatformDependent - org.jctools-core.MpscChunkedArrayQueue: available
12:06:13.438 [main] DEBUG io.netty.util.internal.InternalThreadLocalMap - -Dio.netty.threadLocalMap.stringBuilder.initialSize: 1024
12:06:13.439 [main] DEBUG io.netty.util.internal.InternalThreadLocalMap - -Dio.netty.threadLocalMap.stringBuilder.maxSize: 4096
12:06:13.479 [main] DEBUG io.netty.handler.ssl.JdkSslContext - Default protocols (JDK): [TLSv1.3, TLSv1.2] 
12:06:13.479 [main] DEBUG io.netty.handler.ssl.JdkSslContext - Default cipher suites (JDK): [TLS_ECDHE_ECDSA_WITH_AES_256_GCM_SHA384, TLS_ECDHE_ECDSA_WITH_AES_128_GCM_SHA256, TLS_ECDHE_RSA_WITH_AES_128_GCM_SHA256, TLS_ECDHE_RSA_WITH_AES_256_GCM_SHA384, TLS_ECDHE_RSA_WITH_AES_128_CBC_SHA, TLS_ECDHE_RSA_WITH_AES_256_CBC_SHA, TLS_RSA_WITH_AES_128_GCM_SHA256, TLS_RSA_WITH_AES_128_CBC_SHA, TLS_RSA_WITH_AES_256_CBC_SHA, TLS_AES_128_GCM_SHA256, TLS_AES_256_GCM_SHA384]
12:06:13.500 [main] DEBUG io.netty.channel.MultithreadEventLoopGroup - -Dio.netty.eventLoopThreads: 16
12:06:13.509 [main] DEBUG io.netty.channel.nio.NioEventLoop - -Dio.netty.noKeySetOptimization: false
12:06:13.509 [main] DEBUG io.netty.channel.nio.NioEventLoop - -Dio.netty.selectorAutoRebuildThreshold: 512
12:06:13.518 [main] TRACE io.netty.channel.nio.NioEventLoop - instrumented a special java.util.Set into: sun.nio.ch.WEPollSelectorImpl@730e5763
12:06:13.519 [main] TRACE io.netty.channel.nio.NioEventLoop - instrumented a special java.util.Set into: sun.nio.ch.WEPollSelectorImpl@1eb2d371
12:06:13.520 [main] TRACE io.netty.channel.nio.NioEventLoop - instrumented a special java.util.Set into: sun.nio.ch.WEPollSelectorImpl@2babf189
12:06:13.521 [main] TRACE io.netty.channel.nio.NioEventLoop - instrumented a special java.util.Set into: sun.nio.ch.WEPollSelectorImpl@479f2dc2
12:06:13.522 [main] TRACE io.netty.channel.nio.NioEventLoop - instrumented a special java.util.Set into: sun.nio.ch.WEPollSelectorImpl@dab48d3
12:06:13.523 [main] TRACE io.netty.channel.nio.NioEventLoop - instrumented a special java.util.Set into: sun.nio.ch.WEPollSelectorImpl@58a2b4c
12:06:13.525 [main] TRACE io.netty.channel.nio.NioEventLoop - instrumented a special java.util.Set into: sun.nio.ch.WEPollSelectorImpl@7159a5cd
12:06:13.526 [main] TRACE io.netty.channel.nio.NioEventLoop - instrumented a special java.util.Set into: sun.nio.ch.WEPollSelectorImpl@4f966719
12:06:13.527 [main] TRACE io.netty.channel.nio.NioEventLoop - instrumented a special java.util.Set into: sun.nio.ch.WEPollSelectorImpl@18ac53e8
12:06:13.528 [main] TRACE io.netty.channel.nio.NioEventLoop - instrumented a special java.util.Set into: sun.nio.ch.WEPollSelectorImpl@4ca8dbfa
12:06:13.529 [main] TRACE io.netty.channel.nio.NioEventLoop - instrumented a special java.util.Set into: sun.nio.ch.WEPollSelectorImpl@7063686f
12:06:13.530 [main] TRACE io.netty.channel.nio.NioEventLoop - instrumented a special java.util.Set into: sun.nio.ch.WEPollSelectorImpl@c3177d5
12:06:13.531 [main] TRACE io.netty.channel.nio.NioEventLoop - instrumented a special java.util.Set into: sun.nio.ch.WEPollSelectorImpl@76f856a8
12:06:13.532 [main] TRACE io.netty.channel.nio.NioEventLoop - instrumented a special java.util.Set into: sun.nio.ch.WEPollSelectorImpl@7c853486
12:06:13.533 [main] TRACE io.netty.channel.nio.NioEventLoop - instrumented a special java.util.Set into: sun.nio.ch.WEPollSelectorImpl@174e1b69
12:06:13.534 [main] TRACE io.netty.channel.nio.NioEventLoop - instrumented a special java.util.Set into: sun.nio.ch.WEPollSelectorImpl@1046498a
12:06:13.551 [main] DEBUG io.netty.buffer.PooledByteBufAllocator - -Dio.netty.allocator.numHeapArenas: 16
12:06:13.551 [main] DEBUG io.netty.buffer.PooledByteBufAllocator - -Dio.netty.allocator.numDirectArenas: 16
12:06:13.551 [main] DEBUG io.netty.buffer.PooledByteBufAllocator - -Dio.netty.allocator.pageSize: 8192
12:06:13.551 [main] DEBUG io.netty.buffer.PooledByteBufAllocator - -Dio.netty.allocator.maxOrder: 11
12:06:13.551 [main] DEBUG io.netty.buffer.PooledByteBufAllocator - -Dio.netty.allocator.chunkSize: 16777216
12:06:13.551 [main] DEBUG io.netty.buffer.PooledByteBufAllocator - -Dio.netty.allocator.smallCacheSize: 256
12:06:13.551 [main] DEBUG io.netty.buffer.PooledByteBufAllocator - -Dio.netty.allocator.normalCacheSize: 64
12:06:13.551 [main] DEBUG io.netty.buffer.PooledByteBufAllocator - -Dio.netty.allocator.maxCachedBufferCapacity: 32768
12:06:13.551 [main] DEBUG io.netty.buffer.PooledByteBufAllocator - -Dio.netty.allocator.cacheTrimInterval: 8192
12:06:13.551 [main] DEBUG io.netty.buffer.PooledByteBufAllocator - -Dio.netty.allocator.cacheTrimIntervalMillis: 0
12:06:13.551 [main] DEBUG io.netty.buffer.PooledByteBufAllocator - -Dio.netty.allocator.useCacheForAllThreads: true
12:06:13.551 [main] DEBUG io.netty.buffer.PooledByteBufAllocator - -Dio.netty.allocator.maxCachedByteBuffersPerChunk: 1023
12:06:13.559 [main] DEBUG io.netty.buffer.ByteBufUtil - -Dio.netty.allocator.type: pooled
12:06:13.559 [main] DEBUG io.netty.buffer.ByteBufUtil - -Dio.netty.threadLocalDirectBufferSize: 0
12:06:13.560 [main] DEBUG io.netty.buffer.ByteBufUtil - -Dio.netty.maxThreadLocalCharBufferSize: 16384
12:06:13.901 [Forwarding newSession on session null to remote] DEBUG io.netty.channel.DefaultChannelId - -Dio.netty.processId: 3456 (auto-detected)
12:06:13.902 [Forwarding newSession on session null to remote] DEBUG io.netty.util.NetUtil - -Djava.net.preferIPv4Stack: false
12:06:13.903 [Forwarding newSession on session null to remote] DEBUG io.netty.util.NetUtil - -Djava.net.preferIPv6Addresses: false
12:06:13.917 [Forwarding newSession on session null to remote] DEBUG io.netty.util.NetUtilInitializations - Loopback interface: lo (Software Loopback Interface 1, 127.0.0.1)
12:06:13.918 [Forwarding newSession on session null to remote] DEBUG io.netty.util.NetUtil - Failed to get SOMAXCONN from sysctl and file \proc\sys\net\core\somaxconn. Default: 200
12:06:13.958 [Forwarding newSession on session null to remote] DEBUG io.netty.channel.DefaultChannelId - -Dio.netty.machineId: 00:ff:9a:ff:fe:bd:33:79 (auto-detected)
12:06:14.005 [AsyncHttpClient-1-2] DEBUG io.netty.buffer.AbstractByteBuf - -Dio.netty.buffer.checkAccessible: true
12:06:14.005 [AsyncHttpClient-1-2] DEBUG io.netty.buffer.AbstractByteBuf - -Dio.netty.buffer.checkBounds: true
12:06:14.005 [AsyncHttpClient-1-2] DEBUG io.netty.util.ResourceLeakDetectorFactory - Loaded default ResourceLeakDetector: io.netty.util.ResourceLeakDetector@4130bc84
12:06:14.024 [AsyncHttpClient-1-2] DEBUG io.netty.util.Recycler - -Dio.netty.recycler.maxCapacityPerThread: 4096
12:06:14.024 [AsyncHttpClient-1-2] DEBUG io.netty.util.Recycler - -Dio.netty.recycler.maxSharedCapacityFactor: 2
12:06:14.024 [AsyncHttpClient-1-2] DEBUG io.netty.util.Recycler - -Dio.netty.recycler.linkCapacity: 16
12:06:14.024 [AsyncHttpClient-1-2] DEBUG io.netty.util.Recycler - -Dio.netty.recycler.ratio: 8
12:06:14.024 [AsyncHttpClient-1-2] DEBUG io.netty.util.Recycler - -Dio.netty.recycler.delayedQueue.ratio: 8
12:06:15.213 [main] DEBUG io.netty.util.internal.ThreadLocalRandom - -Dio.netty.initialSeedUniquifier: 0x428582fba08746bc
12:06:15.256 [main] INFO  stepDefinations.steps - BRowser opended
12:06:15.392 [main] INFO  stepDefinations.steps -  Window maximise
12:06:19.125 [main] INFO  stepDefinations.steps - Url opened
12:06:19.207 [main] INFO  stepDefinations.steps - Clicked on my account
12:06:21.233 [main] INFO  stepDefinations.steps - Clicked on register
12:06:21.288 [main] INFO  stepDefinations.steps - Account registration page displayed
12:06:21.372 [main] INFO  stepDefinations.steps - First name entred
12:06:21.452 [main] INFO  stepDefinations.steps - Last name entred
12:06:21.535 [main] INFO  stepDefinations.steps - email entred
12:06:21.613 [main] INFO  stepDefinations.steps - Telephone number entred
12:06:21.691 [main] INFO  stepDefinations.steps - Password entred
12:06:21.769 [main] INFO  stepDefinations.steps - Confirm password entred
12:06:21.846 [main] INFO  stepDefinations.steps - Accepted privacy policy
12:06:24.019 [main] INFO  stepDefinations.steps - Clicked on continue
12:06:24.137 [main] INFO  stepDefinations.steps - Accout registration  not succesfull
12:06:25.524 [main] INFO  stepDefinations.steps - BRowser opended
12:06:25.651 [main] INFO  stepDefinations.steps -  Window maximise
12:06:28.523 [main] INFO  stepDefinations.steps - Url opened
12:06:28.585 [main] INFO  stepDefinations.steps - Clicked on my account
12:06:29.733 [main] INFO  stepDefinations.steps - Clicked on login
12:06:29.842 [main] INFO  stepDefinations.steps - Provided email
12:06:29.922 [main] INFO  stepDefinations.steps - Provided password
12:06:32.124 [main] INFO  stepDefinations.steps - Clicked on login
12:06:32.228 [main] INFO  stepDefinations.steps - Navigated to registration page
12:06:32.333 [AsyncHttpClient-1-3] DEBUG io.netty.buffer.PoolThreadCache - Freed 2 thread-local buffer(s) from thread: AsyncHttpClient-1-3
12:06:32.333 [AsyncHttpClient-1-4] DEBUG io.netty.buffer.PoolThreadCache - Freed 3 thread-local buffer(s) from thread: AsyncHttpClient-1-4
12:06:53.859 [main] DEBUG io.netty.util.internal.logging.InternalLoggerFactory - Using Log4J2 as the default logging framework
12:06:53.868 [main] DEBUG io.netty.util.ResourceLeakDetector - -Dio.netty.leakDetection.level: simple
12:06:53.868 [main] DEBUG io.netty.util.ResourceLeakDetector - -Dio.netty.leakDetection.targetRecords: 4
12:06:53.871 [main] DEBUG io.netty.util.ResourceLeakDetectorFactory - Loaded default ResourceLeakDetector: io.netty.util.ResourceLeakDetector@7569ea63
12:06:53.884 [main] DEBUG io.netty.util.internal.PlatformDependent - Platform: Windows
12:06:53.887 [main] DEBUG io.netty.util.internal.PlatformDependent0 - -Dio.netty.noUnsafe: false
12:06:53.888 [main] DEBUG io.netty.util.internal.PlatformDependent0 - Java version: 17
12:06:53.889 [main] DEBUG io.netty.util.internal.PlatformDependent0 - sun.misc.Unsafe.theUnsafe: available
12:06:53.890 [main] DEBUG io.netty.util.internal.PlatformDependent0 - sun.misc.Unsafe.copyMemory: available
12:06:53.890 [main] DEBUG io.netty.util.internal.PlatformDependent0 - java.nio.Buffer.address: available
12:06:53.891 [main] DEBUG io.netty.util.internal.PlatformDependent0 - direct buffer constructor: unavailable
java.lang.UnsupportedOperationException: Reflective setAccessible(true) disabled
	at io.netty.util.internal.ReflectionUtil.trySetAccessible(ReflectionUtil.java:31) ~[netty-common-4.1.58.Final.jar:4.1.58.Final]
	at io.netty.util.internal.PlatformDependent0$4.run(PlatformDependent0.java:238) ~[netty-common-4.1.58.Final.jar:4.1.58.Final]
	at java.security.AccessController.doPrivileged(AccessController.java:318) ~[?:?]
	at io.netty.util.internal.PlatformDependent0.<clinit>(PlatformDependent0.java:232) [netty-common-4.1.58.Final.jar:4.1.58.Final]
	at io.netty.util.internal.PlatformDependent.isAndroid(PlatformDependent.java:293) [netty-common-4.1.58.Final.jar:4.1.58.Final]
	at io.netty.util.internal.PlatformDependent.<clinit>(PlatformDependent.java:92) [netty-common-4.1.58.Final.jar:4.1.58.Final]
	at io.netty.util.HashedWheelTimer.<init>(HashedWheelTimer.java:109) [netty-common-4.1.58.Final.jar:4.1.58.Final]
	at io.netty.util.HashedWheelTimer.<init>(HashedWheelTimer.java:218) [netty-common-4.1.58.Final.jar:4.1.58.Final]
	at io.netty.util.HashedWheelTimer.<init>(HashedWheelTimer.java:197) [netty-common-4.1.58.Final.jar:4.1.58.Final]
	at org.asynchttpclient.DefaultAsyncHttpClient.newNettyTimer(DefaultAsyncHttpClient.java:111) [async-http-client-2.12.2.jar:?]
	at org.asynchttpclient.DefaultAsyncHttpClient.<init>(DefaultAsyncHttpClient.java:90) [async-http-client-2.12.2.jar:?]
	at org.asynchttpclient.Dsl.asyncHttpClient(Dsl.java:32) [async-http-client-2.12.2.jar:?]
	at org.openqa.selenium.remote.http.netty.NettyClient.createHttpClient(NettyClient.java:98) [selenium-remote-driver-4.0.0-beta-3.jar:?]
	at org.openqa.selenium.remote.http.netty.NettyClient.<clinit>(NettyClient.java:51) [selenium-remote-driver-4.0.0-beta-3.jar:?]
	at org.openqa.selenium.remote.http.netty.NettyClient$Factory.createClient(NettyClient.java:147) [selenium-remote-driver-4.0.0-beta-3.jar:?]
	at org.openqa.selenium.remote.HttpCommandExecutor.<init>(HttpCommandExecutor.java:107) [selenium-remote-driver-4.0.0-beta-3.jar:?]
	at org.openqa.selenium.remote.HttpCommandExecutor.<init>(HttpCommandExecutor.java:94) [selenium-remote-driver-4.0.0-beta-3.jar:?]
	at org.openqa.selenium.remote.HttpCommandExecutor.<init>(HttpCommandExecutor.java:85) [selenium-remote-driver-4.0.0-beta-3.jar:?]
	at org.openqa.selenium.remote.service.DriverCommandExecutor.<init>(DriverCommandExecutor.java:68) [selenium-remote-driver-4.0.0-beta-3.jar:?]
	at org.openqa.selenium.chromium.ChromiumDriverCommandExecutor.<init>(ChromiumDriverCommandExecutor.java:78) [selenium-chromium-driver-4.0.0-beta-3.jar:?]
	at org.openqa.selenium.edge.EdgeDriver.<init>(EdgeDriver.java:44) [selenium-edge-driver-4.0.0-beta-3.jar:?]
	at org.openqa.selenium.edge.EdgeDriver.<init>(EdgeDriver.java:36) [selenium-edge-driver-4.0.0-beta-3.jar:?]
	at org.openqa.selenium.edge.EdgeDriver.<init>(EdgeDriver.java:33) [selenium-edge-driver-4.0.0-beta-3.jar:?]
	at stepDefinations.steps.user_launch_browser(steps.java:60) [test-classes/:?]
	at jdk.internal.reflect.NativeMethodAccessorImpl.invoke0(Native Method) ~[?:?]
	at jdk.internal.reflect.NativeMethodAccessorImpl.invoke(NativeMethodAccessorImpl.java:77) ~[?:?]
	at jdk.internal.reflect.DelegatingMethodAccessorImpl.invoke(DelegatingMethodAccessorImpl.java:43) ~[?:?]
	at java.lang.reflect.Method.invoke(Method.java:568) ~[?:?]
	at io.cucumber.java.Invoker.doInvoke(Invoker.java:66) [cucumber-java-6.10.4.jar:6.10.4]
	at io.cucumber.java.Invoker.invoke(Invoker.java:24) [cucumber-java-6.10.4.jar:6.10.4]
	at io.cucumber.java.AbstractGlueDefinition.invokeMethod(AbstractGlueDefinition.java:47) [cucumber-java-6.10.4.jar:6.10.4]
	at io.cucumber.java.JavaStepDefinition.execute(JavaStepDefinition.java:29) [cucumber-java-6.10.4.jar:6.10.4]
	at io.cucumber.core.runner.CoreStepDefinition.execute(CoreStepDefinition.java:66) [cucumber-core-6.10.4.jar:6.10.4]
	at io.cucumber.core.runner.PickleStepDefinitionMatch.runStep(PickleStepDefinitionMatch.java:63) [cucumber-core-6.10.4.jar:6.10.4]
	at io.cucumber.core.runner.ExecutionMode$1.execute(ExecutionMode.java:10) [cucumber-core-6.10.4.jar:6.10.4]
	at io.cucumber.core.runner.TestStep.executeStep(TestStep.java:92) [cucumber-core-6.10.4.jar:6.10.4]
	at io.cucumber.core.runner.TestStep.run(TestStep.java:64) [cucumber-core-6.10.4.jar:6.10.4]
	at io.cucumber.core.runner.PickleStepTestStep.run(PickleStepTestStep.java:51) [cucumber-core-6.10.4.jar:6.10.4]
	at io.cucumber.core.runner.TestCase.run(TestCase.java:104) [cucumber-core-6.10.4.jar:6.10.4]
	at io.cucumber.core.runner.Runner.runPickle(Runner.java:73) [cucumber-core-6.10.4.jar:6.10.4]
	at io.cucumber.junit.PickleRunners$NoStepDescriptions.run(PickleRunners.java:151) [cucumber-junit-6.10.4.jar:6.10.4]
	at io.cucumber.junit.FeatureRunner.runChild(FeatureRunner.java:135) [cucumber-junit-6.10.4.jar:6.10.4]
	at io.cucumber.junit.FeatureRunner.runChild(FeatureRunner.java:27) [cucumber-junit-6.10.4.jar:6.10.4]
	at org.junit.runners.ParentRunner$4.run(ParentRunner.java:331) [junit-4.13.2.jar:4.13.2]
	at org.junit.runners.ParentRunner$1.schedule(ParentRunner.java:79) [junit-4.13.2.jar:4.13.2]
	at org.junit.runners.ParentRunner.runChildren(ParentRunner.java:329) [junit-4.13.2.jar:4.13.2]
	at org.junit.runners.ParentRunner.access$100(ParentRunner.java:66) [junit-4.13.2.jar:4.13.2]
	at org.junit.runners.ParentRunner$2.evaluate(ParentRunner.java:293) [junit-4.13.2.jar:4.13.2]
	at org.junit.runners.ParentRunner$3.evaluate(ParentRunner.java:306) [junit-4.13.2.jar:4.13.2]
	at org.junit.runners.ParentRunner.run(ParentRunner.java:413) [junit-4.13.2.jar:4.13.2]
	at io.cucumber.junit.Cucumber.runChild(Cucumber.java:200) [cucumber-junit-6.10.4.jar:6.10.4]
	at io.cucumber.junit.Cucumber.runChild(Cucumber.java:90) [cucumber-junit-6.10.4.jar:6.10.4]
	at org.junit.runners.ParentRunner$4.run(ParentRunner.java:331) [junit-4.13.2.jar:4.13.2]
	at org.junit.runners.ParentRunner$1.schedule(ParentRunner.java:79) [junit-4.13.2.jar:4.13.2]
	at org.junit.runners.ParentRunner.runChildren(ParentRunner.java:329) [junit-4.13.2.jar:4.13.2]
	at org.junit.runners.ParentRunner.access$100(ParentRunner.java:66) [junit-4.13.2.jar:4.13.2]
	at org.junit.runners.ParentRunner$2.evaluate(ParentRunner.java:293) [junit-4.13.2.jar:4.13.2]
	at io.cucumber.junit.Cucumber$RunCucumber.evaluate(Cucumber.java:235) [cucumber-junit-6.10.4.jar:6.10.4]
	at org.junit.runners.ParentRunner$3.evaluate(ParentRunner.java:306) [junit-4.13.2.jar:4.13.2]
	at org.junit.runners.ParentRunner.run(ParentRunner.java:413) [junit-4.13.2.jar:4.13.2]
	at org.junit.runner.JUnitCore.run(JUnitCore.java:137) [junit-4.13.2.jar:4.13.2]
	at com.intellij.junit4.JUnit4IdeaTestRunner.startRunnerWithArgs(JUnit4IdeaTestRunner.java:69) [junit-rt.jar:?]
	at com.intellij.rt.junit.IdeaTestRunner$Repeater$1.execute(IdeaTestRunner.java:38) [junit-rt.jar:?]
	at com.intellij.rt.execution.junit.TestsRepeater.repeat(TestsRepeater.java:11) [idea_rt.jar:?]
	at com.intellij.rt.junit.IdeaTestRunner$Repeater.startRunnerWithArgs(IdeaTestRunner.java:35) [junit-rt.jar:?]
	at com.intellij.rt.junit.JUnitStarter.prepareStreamsAndStart(JUnitStarter.java:235) [junit-rt.jar:?]
	at com.intellij.rt.junit.JUnitStarter.main(JUnitStarter.java:54) [junit-rt.jar:?]
12:06:53.898 [main] DEBUG io.netty.util.internal.PlatformDependent0 - java.nio.Bits.unaligned: available, true
12:06:53.899 [main] DEBUG io.netty.util.internal.PlatformDependent0 - jdk.internal.misc.Unsafe.allocateUninitializedArray(int): unavailable
java.lang.IllegalAccessException: class io.netty.util.internal.PlatformDependent0$6 cannot access class jdk.internal.misc.Unsafe (in module java.base) because module java.base does not export jdk.internal.misc to unnamed module @13b6d03
	at jdk.internal.reflect.Reflection.newIllegalAccessException(Reflection.java:392) ~[?:?]
	at java.lang.reflect.AccessibleObject.checkAccess(AccessibleObject.java:674) ~[?:?]
	at java.lang.reflect.Method.invoke(Method.java:560) ~[?:?]
	at io.netty.util.internal.PlatformDependent0$6.run(PlatformDependent0.java:352) ~[netty-common-4.1.58.Final.jar:4.1.58.Final]
	at java.security.AccessController.doPrivileged(AccessController.java:318) ~[?:?]
	at io.netty.util.internal.PlatformDependent0.<clinit>(PlatformDependent0.java:343) [netty-common-4.1.58.Final.jar:4.1.58.Final]
	at io.netty.util.internal.PlatformDependent.isAndroid(PlatformDependent.java:293) [netty-common-4.1.58.Final.jar:4.1.58.Final]
	at io.netty.util.internal.PlatformDependent.<clinit>(PlatformDependent.java:92) [netty-common-4.1.58.Final.jar:4.1.58.Final]
	at io.netty.util.HashedWheelTimer.<init>(HashedWheelTimer.java:109) [netty-common-4.1.58.Final.jar:4.1.58.Final]
	at io.netty.util.HashedWheelTimer.<init>(HashedWheelTimer.java:218) [netty-common-4.1.58.Final.jar:4.1.58.Final]
	at io.netty.util.HashedWheelTimer.<init>(HashedWheelTimer.java:197) [netty-common-4.1.58.Final.jar:4.1.58.Final]
	at org.asynchttpclient.DefaultAsyncHttpClient.newNettyTimer(DefaultAsyncHttpClient.java:111) [async-http-client-2.12.2.jar:?]
	at org.asynchttpclient.DefaultAsyncHttpClient.<init>(DefaultAsyncHttpClient.java:90) [async-http-client-2.12.2.jar:?]
	at org.asynchttpclient.Dsl.asyncHttpClient(Dsl.java:32) [async-http-client-2.12.2.jar:?]
	at org.openqa.selenium.remote.http.netty.NettyClient.createHttpClient(NettyClient.java:98) [selenium-remote-driver-4.0.0-beta-3.jar:?]
	at org.openqa.selenium.remote.http.netty.NettyClient.<clinit>(NettyClient.java:51) [selenium-remote-driver-4.0.0-beta-3.jar:?]
	at org.openqa.selenium.remote.http.netty.NettyClient$Factory.createClient(NettyClient.java:147) [selenium-remote-driver-4.0.0-beta-3.jar:?]
	at org.openqa.selenium.remote.HttpCommandExecutor.<init>(HttpCommandExecutor.java:107) [selenium-remote-driver-4.0.0-beta-3.jar:?]
	at org.openqa.selenium.remote.HttpCommandExecutor.<init>(HttpCommandExecutor.java:94) [selenium-remote-driver-4.0.0-beta-3.jar:?]
	at org.openqa.selenium.remote.HttpCommandExecutor.<init>(HttpCommandExecutor.java:85) [selenium-remote-driver-4.0.0-beta-3.jar:?]
	at org.openqa.selenium.remote.service.DriverCommandExecutor.<init>(DriverCommandExecutor.java:68) [selenium-remote-driver-4.0.0-beta-3.jar:?]
	at org.openqa.selenium.chromium.ChromiumDriverCommandExecutor.<init>(ChromiumDriverCommandExecutor.java:78) [selenium-chromium-driver-4.0.0-beta-3.jar:?]
	at org.openqa.selenium.edge.EdgeDriver.<init>(EdgeDriver.java:44) [selenium-edge-driver-4.0.0-beta-3.jar:?]
	at org.openqa.selenium.edge.EdgeDriver.<init>(EdgeDriver.java:36) [selenium-edge-driver-4.0.0-beta-3.jar:?]
	at org.openqa.selenium.edge.EdgeDriver.<init>(EdgeDriver.java:33) [selenium-edge-driver-4.0.0-beta-3.jar:?]
	at stepDefinations.steps.user_launch_browser(steps.java:60) [test-classes/:?]
	at jdk.internal.reflect.NativeMethodAccessorImpl.invoke0(Native Method) ~[?:?]
	at jdk.internal.reflect.NativeMethodAccessorImpl.invoke(NativeMethodAccessorImpl.java:77) ~[?:?]
	at jdk.internal.reflect.DelegatingMethodAccessorImpl.invoke(DelegatingMethodAccessorImpl.java:43) ~[?:?]
	at java.lang.reflect.Method.invoke(Method.java:568) ~[?:?]
	at io.cucumber.java.Invoker.doInvoke(Invoker.java:66) [cucumber-java-6.10.4.jar:6.10.4]
	at io.cucumber.java.Invoker.invoke(Invoker.java:24) [cucumber-java-6.10.4.jar:6.10.4]
	at io.cucumber.java.AbstractGlueDefinition.invokeMethod(AbstractGlueDefinition.java:47) [cucumber-java-6.10.4.jar:6.10.4]
	at io.cucumber.java.JavaStepDefinition.execute(JavaStepDefinition.java:29) [cucumber-java-6.10.4.jar:6.10.4]
	at io.cucumber.core.runner.CoreStepDefinition.execute(CoreStepDefinition.java:66) [cucumber-core-6.10.4.jar:6.10.4]
	at io.cucumber.core.runner.PickleStepDefinitionMatch.runStep(PickleStepDefinitionMatch.java:63) [cucumber-core-6.10.4.jar:6.10.4]
	at io.cucumber.core.runner.ExecutionMode$1.execute(ExecutionMode.java:10) [cucumber-core-6.10.4.jar:6.10.4]
	at io.cucumber.core.runner.TestStep.executeStep(TestStep.java:92) [cucumber-core-6.10.4.jar:6.10.4]
	at io.cucumber.core.runner.TestStep.run(TestStep.java:64) [cucumber-core-6.10.4.jar:6.10.4]
	at io.cucumber.core.runner.PickleStepTestStep.run(PickleStepTestStep.java:51) [cucumber-core-6.10.4.jar:6.10.4]
	at io.cucumber.core.runner.TestCase.run(TestCase.java:104) [cucumber-core-6.10.4.jar:6.10.4]
	at io.cucumber.core.runner.Runner.runPickle(Runner.java:73) [cucumber-core-6.10.4.jar:6.10.4]
	at io.cucumber.junit.PickleRunners$NoStepDescriptions.run(PickleRunners.java:151) [cucumber-junit-6.10.4.jar:6.10.4]
	at io.cucumber.junit.FeatureRunner.runChild(FeatureRunner.java:135) [cucumber-junit-6.10.4.jar:6.10.4]
	at io.cucumber.junit.FeatureRunner.runChild(FeatureRunner.java:27) [cucumber-junit-6.10.4.jar:6.10.4]
	at org.junit.runners.ParentRunner$4.run(ParentRunner.java:331) [junit-4.13.2.jar:4.13.2]
	at org.junit.runners.ParentRunner$1.schedule(ParentRunner.java:79) [junit-4.13.2.jar:4.13.2]
	at org.junit.runners.ParentRunner.runChildren(ParentRunner.java:329) [junit-4.13.2.jar:4.13.2]
	at org.junit.runners.ParentRunner.access$100(ParentRunner.java:66) [junit-4.13.2.jar:4.13.2]
	at org.junit.runners.ParentRunner$2.evaluate(ParentRunner.java:293) [junit-4.13.2.jar:4.13.2]
	at org.junit.runners.ParentRunner$3.evaluate(ParentRunner.java:306) [junit-4.13.2.jar:4.13.2]
	at org.junit.runners.ParentRunner.run(ParentRunner.java:413) [junit-4.13.2.jar:4.13.2]
	at io.cucumber.junit.Cucumber.runChild(Cucumber.java:200) [cucumber-junit-6.10.4.jar:6.10.4]
	at io.cucumber.junit.Cucumber.runChild(Cucumber.java:90) [cucumber-junit-6.10.4.jar:6.10.4]
	at org.junit.runners.ParentRunner$4.run(ParentRunner.java:331) [junit-4.13.2.jar:4.13.2]
	at org.junit.runners.ParentRunner$1.schedule(ParentRunner.java:79) [junit-4.13.2.jar:4.13.2]
	at org.junit.runners.ParentRunner.runChildren(ParentRunner.java:329) [junit-4.13.2.jar:4.13.2]
	at org.junit.runners.ParentRunner.access$100(ParentRunner.java:66) [junit-4.13.2.jar:4.13.2]
	at org.junit.runners.ParentRunner$2.evaluate(ParentRunner.java:293) [junit-4.13.2.jar:4.13.2]
	at io.cucumber.junit.Cucumber$RunCucumber.evaluate(Cucumber.java:235) [cucumber-junit-6.10.4.jar:6.10.4]
	at org.junit.runners.ParentRunner$3.evaluate(ParentRunner.java:306) [junit-4.13.2.jar:4.13.2]
	at org.junit.runners.ParentRunner.run(ParentRunner.java:413) [junit-4.13.2.jar:4.13.2]
	at org.junit.runner.JUnitCore.run(JUnitCore.java:137) [junit-4.13.2.jar:4.13.2]
	at com.intellij.junit4.JUnit4IdeaTestRunner.startRunnerWithArgs(JUnit4IdeaTestRunner.java:69) [junit-rt.jar:?]
	at com.intellij.rt.junit.IdeaTestRunner$Repeater$1.execute(IdeaTestRunner.java:38) [junit-rt.jar:?]
	at com.intellij.rt.execution.junit.TestsRepeater.repeat(TestsRepeater.java:11) [idea_rt.jar:?]
	at com.intellij.rt.junit.IdeaTestRunner$Repeater.startRunnerWithArgs(IdeaTestRunner.java:35) [junit-rt.jar:?]
	at com.intellij.rt.junit.JUnitStarter.prepareStreamsAndStart(JUnitStarter.java:235) [junit-rt.jar:?]
	at com.intellij.rt.junit.JUnitStarter.main(JUnitStarter.java:54) [junit-rt.jar:?]
